app/build/intermediates/manifest_merge_blame_file/debug/manifest-merger-blame-debug-report.txt
1<?xml version="1.0" encoding="utf-8"?>
2<manifest xmlns:android="http://schemas.android.com/apk/res/android"
3    package="com.careerguide"
4    android:versionCode="118"
5    android:versionName="2.9.0" >
6
7    <uses-sdk
8        android:minSdkVersion="21"
8-->src\main\AndroidManifest.xml
9        android:targetSdkVersion="28" />
9-->src\main\AndroidManifest.xml
10
11    <uses-permission android:name="android.permission.INTERNET" />
11-->src\main\AndroidManifest.xml:6:5-67
11-->src\main\AndroidManifest.xml:6:22-64
12    <uses-permission android:name="android.permission.ACCESS_NETWORK_STATE" />
12-->src\main\AndroidManifest.xml:7:5-79
12-->src\main\AndroidManifest.xml:7:22-76
13    <uses-permission android:name="android.permission.WRITE_EXTERNAL_STORAGE" />
13-->src\main\AndroidManifest.xml:8:5-81
13-->src\main\AndroidManifest.xml:8:22-78
14    <uses-permission android:name="android.permission.READ_EXTERNAL_STORAGE" />
14-->src\main\AndroidManifest.xml:9:5-80
14-->src\main\AndroidManifest.xml:9:22-77
15    <uses-permission android:name="android.permission.ACCESS_COARSE_LOCATION" />
15-->src\main\AndroidManifest.xml:10:5-81
15-->src\main\AndroidManifest.xml:10:22-78
16    <uses-permission android:name="android.permission.ACCESS_FINE_LOCATION" />
16-->src\main\AndroidManifest.xml:11:5-79
16-->src\main\AndroidManifest.xml:11:22-76
17    <uses-permission android:name="android.permission.RECORD_AUDIO" />
17-->src\main\AndroidManifest.xml:12:5-71
17-->src\main\AndroidManifest.xml:12:22-68
18    <uses-permission android:name="android.permission.MODIFY_AUDIO_SETTINGS" />
18-->src\main\AndroidManifest.xml:13:5-80
18-->src\main\AndroidManifest.xml:13:22-77
19    <uses-permission android:name="android.permission.READ_PHONE_STATE" />
19-->src\main\AndroidManifest.xml:14:5-75
19-->src\main\AndroidManifest.xml:14:22-72
20    <uses-permission android:name="android.permission.VIBRATE" />
20-->src\main\AndroidManifest.xml:15:5-65
20-->src\main\AndroidManifest.xml:15:22-63
21    <uses-permission android:name="android.permission.CAMERA" />
21-->src\main\AndroidManifest.xml:16:5-65
21-->src\main\AndroidManifest.xml:16:22-62
22
23    <!-- Create a unique permission for your app and use it so only your app can receive your OneSignal messages. -->
24    <permission
24-->[com.onesignal:OneSignal:3.13.0] AndroidManifest.xml:7:5-9:47
25        android:name="com.careerguide.permission.C2D_MESSAGE"
25-->[com.onesignal:OneSignal:3.13.0] AndroidManifest.xml:8:9-63
26        android:protectionLevel="signature" />
26-->[com.onesignal:OneSignal:3.13.0] AndroidManifest.xml:9:9-44
27
28    <uses-permission android:name="com.careerguide.permission.C2D_MESSAGE" />
28-->[com.onesignal:OneSignal:3.13.0] AndroidManifest.xml:11:5-79
28-->[com.onesignal:OneSignal:3.13.0] AndroidManifest.xml:11:22-76
29    <uses-permission android:name="com.google.android.c2dm.permission.RECEIVE" /> <!-- Required, makes sure notifications are delivered on time. -->
29-->[com.onesignal:OneSignal:3.13.0] AndroidManifest.xml:17:5-82
29-->[com.onesignal:OneSignal:3.13.0] AndroidManifest.xml:17:22-79
30    <uses-permission android:name="android.permission.WAKE_LOCK" />
30-->[com.onesignal:OneSignal:3.13.0] AndroidManifest.xml:18:5-68
30-->[com.onesignal:OneSignal:3.13.0] AndroidManifest.xml:18:22-65
31    <!--
32 Use to restore notifications the user hasn't interacted with.
33         They could be missed notifications if the user reboots their device if this isn't in place.
34    -->
35    <uses-permission android:name="android.permission.RECEIVE_BOOT_COMPLETED" /> <!-- START: ShortcutBadger -->
35-->[com.onesignal:OneSignal:3.13.0] AndroidManifest.xml:29:5-81
35-->[com.onesignal:OneSignal:3.13.0] AndroidManifest.xml:29:22-78
36    <!-- Samsung -->
37    <uses-permission android:name="com.sec.android.provider.badge.permission.READ" />
37-->[com.onesignal:OneSignal:3.13.0] AndroidManifest.xml:31:5-86
37-->[com.onesignal:OneSignal:3.13.0] AndroidManifest.xml:31:22-83
38    <uses-permission android:name="com.sec.android.provider.badge.permission.WRITE" /> <!-- HTC -->
38-->[com.onesignal:OneSignal:3.13.0] AndroidManifest.xml:32:5-87
38-->[com.onesignal:OneSignal:3.13.0] AndroidManifest.xml:32:22-84
39    <uses-permission android:name="com.htc.launcher.permission.READ_SETTINGS" />
39-->[com.onesignal:OneSignal:3.13.0] AndroidManifest.xml:33:5-81
39-->[com.onesignal:OneSignal:3.13.0] AndroidManifest.xml:33:22-78
40    <uses-permission android:name="com.htc.launcher.permission.UPDATE_SHORTCUT" /> <!-- Sony -->
40-->[com.onesignal:OneSignal:3.13.0] AndroidManifest.xml:34:5-83
40-->[com.onesignal:OneSignal:3.13.0] AndroidManifest.xml:34:22-80
41    <uses-permission android:name="com.sonyericsson.home.permission.BROADCAST_BADGE" />
41-->[com.onesignal:OneSignal:3.13.0] AndroidManifest.xml:35:5-88
41-->[com.onesignal:OneSignal:3.13.0] AndroidManifest.xml:35:22-85
42    <uses-permission android:name="com.sonymobile.home.permission.PROVIDER_INSERT_BADGE" /> <!-- Apex -->
42-->[com.onesignal:OneSignal:3.13.0] AndroidManifest.xml:36:5-92
42-->[com.onesignal:OneSignal:3.13.0] AndroidManifest.xml:36:22-89
43    <uses-permission android:name="com.anddoes.launcher.permission.UPDATE_COUNT" /> <!-- Solid -->
43-->[com.onesignal:OneSignal:3.13.0] AndroidManifest.xml:37:5-84
43-->[com.onesignal:OneSignal:3.13.0] AndroidManifest.xml:37:22-81
44    <uses-permission android:name="com.majeur.launcher.permission.UPDATE_BADGE" /> <!-- Huawei -->
44-->[com.onesignal:OneSignal:3.13.0] AndroidManifest.xml:38:5-83
44-->[com.onesignal:OneSignal:3.13.0] AndroidManifest.xml:38:22-80
45    <uses-permission android:name="com.huawei.android.launcher.permission.CHANGE_BADGE" />
45-->[com.onesignal:OneSignal:3.13.0] AndroidManifest.xml:39:5-91
45-->[com.onesignal:OneSignal:3.13.0] AndroidManifest.xml:39:22-88
46    <uses-permission android:name="com.huawei.android.launcher.permission.READ_SETTINGS" />
46-->[com.onesignal:OneSignal:3.13.0] AndroidManifest.xml:40:5-92
46-->[com.onesignal:OneSignal:3.13.0] AndroidManifest.xml:40:22-89
47    <uses-permission android:name="com.huawei.android.launcher.permission.WRITE_SETTINGS" /> <!-- ZUK -->
47-->[com.onesignal:OneSignal:3.13.0] AndroidManifest.xml:41:5-93
47-->[com.onesignal:OneSignal:3.13.0] AndroidManifest.xml:41:22-90
48    <uses-permission android:name="android.permission.READ_APP_BADGE" /> <!-- OPPO -->
48-->[com.onesignal:OneSignal:3.13.0] AndroidManifest.xml:42:5-73
48-->[com.onesignal:OneSignal:3.13.0] AndroidManifest.xml:42:22-70
49    <uses-permission android:name="com.oppo.launcher.permission.READ_SETTINGS" />
49-->[com.onesignal:OneSignal:3.13.0] AndroidManifest.xml:43:5-82
49-->[com.onesignal:OneSignal:3.13.0] AndroidManifest.xml:43:22-79
50    <uses-permission android:name="com.oppo.launcher.permission.WRITE_SETTINGS" /> <!-- EvMe -->
50-->[com.onesignal:OneSignal:3.13.0] AndroidManifest.xml:44:5-83
50-->[com.onesignal:OneSignal:3.13.0] AndroidManifest.xml:44:22-80
51    <uses-permission android:name="me.everything.badger.permission.BADGE_COUNT_READ" />
51-->[com.onesignal:OneSignal:3.13.0] AndroidManifest.xml:45:5-88
51-->[com.onesignal:OneSignal:3.13.0] AndroidManifest.xml:45:22-85
52    <uses-permission android:name="me.everything.badger.permission.BADGE_COUNT_WRITE" />
52-->[com.onesignal:OneSignal:3.13.0] AndroidManifest.xml:46:5-89
52-->[com.onesignal:OneSignal:3.13.0] AndroidManifest.xml:46:22-86
53    <uses-permission android:name="com.google.android.providers.gsf.permission.READ_GSERVICES" />
53-->[com.google.firebase:firebase-perf:15.0.0] AndroidManifest.xml:23:5-98
53-->[com.google.firebase:firebase-perf:15.0.0] AndroidManifest.xml:23:22-95
54    <uses-permission android:name="com.google.android.finsky.permission.BIND_GET_INSTALL_REFERRER_SERVICE" />
54-->[com.google.firebase:firebase-analytics:16.0.4] AndroidManifest.xml:26:5-110
54-->[com.google.firebase:firebase-analytics:16.0.4] AndroidManifest.xml:26:22-107
55    <uses-permission android:name="android.permission.FOREGROUND_SERVICE" />
55-->[androidx.work:work-runtime:2.3.4] AndroidManifest.xml:28:5-77
55-->[androidx.work:work-runtime:2.3.4] AndroidManifest.xml:28:22-74
56
57    <application
57-->src\main\AndroidManifest.xml:19:5-399:19
58        android:name="com.ZohoSalesiq"
58-->src\main\AndroidManifest.xml:20:9-39
59        android:allowBackup="true"
59-->src\main\AndroidManifest.xml:21:9-35
60        android:appComponentFactory="androidx.core.app.CoreComponentFactory"
60-->[androidx.core:core:1.1.0] AndroidManifest.xml:24:18-86
61        android:debuggable="true"
62        android:icon="@mipmap/ic_launcher"
62-->src\main\AndroidManifest.xml:23:9-43
63        android:label="@string/app_name"
63-->src\main\AndroidManifest.xml:24:9-41
64        android:largeHeap="true"
64-->src\main\AndroidManifest.xml:22:9-33
65        android:roundIcon="@mipmap/ic_launcher_round"
65-->src\main\AndroidManifest.xml:25:9-54
66        android:supportsRtl="true"
66-->src\main\AndroidManifest.xml:26:9-35
67        android:testOnly="true"
68        android:theme="@style/AppTheme"
68-->src\main\AndroidManifest.xml:27:9-40
69        android:usesCleartextTraffic="true" >
69-->src\main\AndroidManifest.xml:28:9-44
70        <activity
70-->src\main\AndroidManifest.xml:31:9-48:20
71            android:name="com.careerguide.Book_One_To_One.activity.OneToOneSessionActivity"
71-->src\main\AndroidManifest.xml:31:19-83
72            android:configChanges="orientation|keyboardHidden"
72-->src\main\AndroidManifest.xml:32:13-63
73            android:screenOrientation="portrait"
73-->src\main\AndroidManifest.xml:33:13-49
74            android:theme="@style/AppTheme.NoActionBar"
74-->src\main\AndroidManifest.xml:34:13-56
75            android:windowSoftInputMode="adjustPan|stateHidden" >
75-->src\main\AndroidManifest.xml:35:13-64
76            <intent-filter android:autoVerify="true" >
76-->src\main\AndroidManifest.xml:37:13-46:29
76-->src\main\AndroidManifest.xml:37:28-53
77                <action android:name="android.intent.action.VIEW" />
77-->src\main\AndroidManifest.xml:38:17-69
77-->src\main\AndroidManifest.xml:38:25-66
78
79                <category android:name="android.intent.category.DEFAULT" />
79-->src\main\AndroidManifest.xml:40:17-76
79-->src\main\AndroidManifest.xml:40:27-73
80                <category android:name="android.intent.category.BROWSABLE" />
80-->src\main\AndroidManifest.xml:41:17-78
80-->src\main\AndroidManifest.xml:41:27-75
81
82                <data
82-->src\main\AndroidManifest.xml:43:17-45:46
83                    android:host="careerguideprivatesession.page.link"
83-->src\main\AndroidManifest.xml:44:21-71
84                    android:scheme="https" />
84-->src\main\AndroidManifest.xml:45:21-43
85            </intent-filter>
86        </activity>
87        <activity android:name="com.careerguide.Book_One_To_One.activity.NewOneToOneRegisteration" />
87-->src\main\AndroidManifest.xml:49:9-87
87-->src\main\AndroidManifest.xml:49:19-84
88        <activity
88-->src\main\AndroidManifest.xml:50:9-52:46
89            android:name="com.careerguide.activity.SeeAllActivity"
89-->src\main\AndroidManifest.xml:51:13-52
90            android:launchMode="singleTop" />
90-->src\main\AndroidManifest.xml:52:13-43
91        <activity android:name="com.careerguide.LoadPdf" />
91-->src\main\AndroidManifest.xml:53:9-45
91-->src\main\AndroidManifest.xml:53:19-42
92        <activity android:name="com.careerguide.blog.activity.MainBlog" />
92-->src\main\AndroidManifest.xml:54:9-60
92-->src\main\AndroidManifest.xml:54:19-57
93        <activity
93-->src\main\AndroidManifest.xml:55:9-59:59
94            android:name="com.careerguide.youtubeVideo.youtubeFeedDetail"
94-->src\main\AndroidManifest.xml:56:13-59
95            android:configChanges="orientation|screenSize|keyboardHidden"
95-->src\main\AndroidManifest.xml:57:13-74
96            android:screenOrientation="nosensor"
96-->src\main\AndroidManifest.xml:58:13-49
97            android:theme="@style/AppTheme.NoActionBar" />
97-->src\main\AndroidManifest.xml:59:13-56
98        <activity
98-->src\main\AndroidManifest.xml:60:9-70:20
99            android:name="com.careerguide.newsfeed.FeedViewActivity"
99-->src\main\AndroidManifest.xml:60:19-60
100            android:theme="@style/AppTheme.NoActionBar" >
100-->src\main\AndroidManifest.xml:61:13-56
101            <intent-filter>
101-->src\main\AndroidManifest.xml:62:13-69:29
102                <action android:name="android.intent.action.VIEW" />
102-->src\main\AndroidManifest.xml:38:17-69
102-->src\main\AndroidManifest.xml:38:25-66
103
104                <category android:name="android.intent.category.DEFAULT" />
104-->src\main\AndroidManifest.xml:40:17-76
104-->src\main\AndroidManifest.xml:40:27-73
105                <category android:name="android.intent.category.BROWSABLE" />
105-->src\main\AndroidManifest.xml:41:17-78
105-->src\main\AndroidManifest.xml:41:27-75
106
107                <data
107-->src\main\AndroidManifest.xml:43:17-45:46
108                    android:host="careerguidestudentarticle.page.link"
108-->src\main\AndroidManifest.xml:44:21-71
109                    android:scheme="https" />
109-->src\main\AndroidManifest.xml:45:21-43
110            </intent-filter>
111        </activity>
112        <activity android:name="com.careerguide.newsfeed.NewsFeedActivity" >
112-->src\main\AndroidManifest.xml:71:9-73:20
112-->src\main\AndroidManifest.xml:71:19-60
113        </activity>
114        <activity
114-->src\main\AndroidManifest.xml:74:9-76:59
115            android:name="com.careerguide.Book_Appoinment.BookingTime"
115-->src\main\AndroidManifest.xml:75:13-56
116            android:theme="@style/AppTheme.NoActionBar" />
116-->src\main\AndroidManifest.xml:76:13-56
117        <activity
117-->src\main\AndroidManifest.xml:77:9-79:59
118            android:name="com.careerguide.Book_Appoinment.BookCounsellor"
118-->src\main\AndroidManifest.xml:78:13-59
119            android:theme="@style/AppTheme.NoActionBar" />
119-->src\main\AndroidManifest.xml:79:13-56
120        <activity
120-->src\main\AndroidManifest.xml:80:9-83:59
121            android:name="com.careerguide.activity.AllCounsellor"
121-->src\main\AndroidManifest.xml:81:13-51
122            android:screenOrientation="portrait"
122-->src\main\AndroidManifest.xml:82:13-49
123            android:theme="@style/AppTheme.NoActionBar" />
123-->src\main\AndroidManifest.xml:83:13-56
124        <activity
124-->src\main\AndroidManifest.xml:84:9-86:59
125            android:name="com.careerguide.activity.SubcategoryActivity"
125-->src\main\AndroidManifest.xml:85:13-57
126            android:theme="@style/AppTheme.NoActionBar" />
126-->src\main\AndroidManifest.xml:86:13-56
127        <activity
127-->src\main\AndroidManifest.xml:87:9-89:59
128            android:name="com.careerguide.video_chat_counsellor"
128-->src\main\AndroidManifest.xml:88:13-50
129            android:theme="@style/AppTheme.NoActionBar" />
129-->src\main\AndroidManifest.xml:89:13-56
130        <activity android:name="com.careerguide.Live_counsellor" />
130-->src\main\AndroidManifest.xml:90:9-53
130-->src\main\AndroidManifest.xml:90:19-50
131        <activity
131-->src\main\AndroidManifest.xml:91:9-93:59
132            android:name="com.careerguide.activity.GoalsActivity"
132-->src\main\AndroidManifest.xml:92:13-51
133            android:theme="@style/AppTheme.NoActionBar" />
133-->src\main\AndroidManifest.xml:93:13-56
134        <activity android:name="com.careerguide.All_done" />
134-->src\main\AndroidManifest.xml:94:9-46
134-->src\main\AndroidManifest.xml:94:19-43
135        <activity
135-->src\main\AndroidManifest.xml:95:9-108:20
136            android:name="com.careerguide.CounsellorProfile"
136-->src\main\AndroidManifest.xml:96:13-46
137            android:theme="@style/AppTheme.NoActionBar" >
137-->src\main\AndroidManifest.xml:97:13-56
138            <intent-filter android:autoVerify="true" >
138-->src\main\AndroidManifest.xml:98:13-107:29
138-->src\main\AndroidManifest.xml:98:28-53
139                <action android:name="android.intent.action.VIEW" />
139-->src\main\AndroidManifest.xml:38:17-69
139-->src\main\AndroidManifest.xml:38:25-66
140
141                <category android:name="android.intent.category.DEFAULT" />
141-->src\main\AndroidManifest.xml:40:17-76
141-->src\main\AndroidManifest.xml:40:27-73
142                <category android:name="android.intent.category.BROWSABLE" />
142-->src\main\AndroidManifest.xml:41:17-78
142-->src\main\AndroidManifest.xml:41:27-75
143
144                <data
144-->src\main\AndroidManifest.xml:43:17-45:46
145                    android:host="careerguidecounselorprofile.page.link"
145-->src\main\AndroidManifest.xml:44:21-71
146                    android:scheme="https" />
146-->src\main\AndroidManifest.xml:45:21-43
147            </intent-filter>
148        </activity>
149        <activity
149-->src\main\AndroidManifest.xml:109:9-125:20
150            android:name="com.careerguide.ViewerLiveActivity"
150-->src\main\AndroidManifest.xml:110:13-47
151            android:configChanges="orientation|keyboardHidden"
151-->src\main\AndroidManifest.xml:111:13-63
152            android:screenOrientation="portrait"
152-->src\main\AndroidManifest.xml:112:13-49
153            android:theme="@style/AppTheme.NoActionBar"
153-->src\main\AndroidManifest.xml:113:13-56
154            android:windowSoftInputMode="adjustPan|stateHidden" >
154-->src\main\AndroidManifest.xml:114:13-64
155            <intent-filter android:autoVerify="true" >
155-->src\main\AndroidManifest.xml:115:13-124:29
155-->src\main\AndroidManifest.xml:115:28-53
156                <action android:name="android.intent.action.VIEW" />
156-->src\main\AndroidManifest.xml:38:17-69
156-->src\main\AndroidManifest.xml:38:25-66
157
158                <category android:name="android.intent.category.DEFAULT" />
158-->src\main\AndroidManifest.xml:40:17-76
158-->src\main\AndroidManifest.xml:40:27-73
159                <category android:name="android.intent.category.BROWSABLE" />
159-->src\main\AndroidManifest.xml:41:17-78
159-->src\main\AndroidManifest.xml:41:27-75
160
161                <data
161-->src\main\AndroidManifest.xml:43:17-45:46
162                    android:host="careerguidelivestream.page.link"
162-->src\main\AndroidManifest.xml:44:21-71
163                    android:scheme="https" />
163-->src\main\AndroidManifest.xml:45:21-43
164            </intent-filter>
165        </activity>
166        <activity
166-->src\main\AndroidManifest.xml:126:9-131:70
167            android:name="com.careerguide.AgoraBaseActivity"
167-->src\main\AndroidManifest.xml:127:13-46
168            android:configChanges="orientation|keyboardHidden"
168-->src\main\AndroidManifest.xml:128:13-63
169            android:screenOrientation="portrait"
169-->src\main\AndroidManifest.xml:129:13-49
170            android:theme="@style/AppTheme.NoActionBar"
170-->src\main\AndroidManifest.xml:130:13-56
171            android:windowSoftInputMode="adjustResize|stateHidden" />
171-->src\main\AndroidManifest.xml:131:13-67
172        <activity
172-->src\main\AndroidManifest.xml:132:9-152:20
173            android:name="com.careerguide.MainActivity"
173-->src\main\AndroidManifest.xml:133:13-41
174            android:configChanges="orientation"
174-->src\main\AndroidManifest.xml:134:13-48
175            android:screenOrientation="portrait"
175-->src\main\AndroidManifest.xml:135:13-49
176            android:theme="@style/Theme.AppCompat.Light.NoActionBar" >
176-->src\main\AndroidManifest.xml:136:13-69
177            <intent-filter>
177-->src\main\AndroidManifest.xml:137:13-141:29
178                <action android:name="android.intent.action.MAIN" />
178-->src\main\AndroidManifest.xml:138:17-69
178-->src\main\AndroidManifest.xml:138:25-66
179
180                <category android:name="android.intent.category.LAUNCHER" />
180-->src\main\AndroidManifest.xml:140:17-77
180-->src\main\AndroidManifest.xml:140:27-74
181            </intent-filter>
182            <intent-filter>
182-->src\main\AndroidManifest.xml:142:13-151:29
183                <action android:name="android.intent.action.VIEW" />
183-->src\main\AndroidManifest.xml:38:17-69
183-->src\main\AndroidManifest.xml:38:25-66
184
185                <category android:name="android.intent.category.DEFAULT" />
185-->src\main\AndroidManifest.xml:40:17-76
185-->src\main\AndroidManifest.xml:40:27-73
186                <category android:name="android.intent.category.BROWSABLE" />
186-->src\main\AndroidManifest.xml:41:17-78
186-->src\main\AndroidManifest.xml:41:27-75
187
188                <data
188-->src\main\AndroidManifest.xml:43:17-45:46
189                    android:host="careerguidestudent.page.link"
189-->src\main\AndroidManifest.xml:44:21-71
190                    android:scheme="https" />
190-->src\main\AndroidManifest.xml:45:21-43
191            </intent-filter>
192        </activity>
193        <activity
193-->src\main\AndroidManifest.xml:153:9-157:58
194            android:name="com.careerguide.OnBoardingActivity"
194-->src\main\AndroidManifest.xml:154:13-47
195            android:configChanges="orientation"
195-->src\main\AndroidManifest.xml:155:13-48
196            android:screenOrientation="portrait"
196-->src\main\AndroidManifest.xml:156:13-49
197            android:theme="@style/AppTheme.NoTitlebar" />
197-->src\main\AndroidManifest.xml:157:13-55
198        <activity
198-->src\main\AndroidManifest.xml:158:9-161:52
199            android:name="com.careerguide.SplashActivity"
199-->src\main\AndroidManifest.xml:159:13-43
200            android:configChanges="orientation"
200-->src\main\AndroidManifest.xml:160:13-48
201            android:screenOrientation="portrait" />
201-->src\main\AndroidManifest.xml:161:13-49
202        <activity
202-->src\main\AndroidManifest.xml:162:9-178:20
203            android:name="com.careerguide.SignUpActivity"
203-->src\main\AndroidManifest.xml:163:13-43
204            android:configChanges="orientation"
204-->src\main\AndroidManifest.xml:164:13-48
205            android:screenOrientation="portrait"
205-->src\main\AndroidManifest.xml:165:13-49
206            android:theme="@style/AppTheme.NoActionBar" >
206-->src\main\AndroidManifest.xml:166:13-56
207            <intent-filter>
207-->src\main\AndroidManifest.xml:167:13-177:29
208                <action android:name="android.intent.action.VIEW" />
208-->src\main\AndroidManifest.xml:38:17-69
208-->src\main\AndroidManifest.xml:38:25-66
209
210                <category android:name="android.intent.category.DEFAULT" />
210-->src\main\AndroidManifest.xml:40:17-76
210-->src\main\AndroidManifest.xml:40:27-73
211                <category android:name="android.intent.category.BROWSABLE" />
211-->src\main\AndroidManifest.xml:41:17-78
211-->src\main\AndroidManifest.xml:41:27-75
212
213                <data
213-->src\main\AndroidManifest.xml:43:17-45:46
214                    android:host="app.careerguide.com"
214-->src\main\AndroidManifest.xml:44:21-71
215                    android:pathPrefix="/api/main/forgot_otp"
215-->src\main\AndroidManifest.xml:175:21-62
216                    android:scheme="http" />
216-->src\main\AndroidManifest.xml:45:21-43
217            </intent-filter>
218        </activity>
219        <activity
219-->src\main\AndroidManifest.xml:179:9-182:48
220            android:name="com.facebook.FacebookActivity"
220-->src\main\AndroidManifest.xml:180:13-57
221            android:configChanges="keyboard|keyboardHidden|screenLayout|screenSize|orientation"
221-->src\main\AndroidManifest.xml:181:13-96
222            android:label="@string/app_name"
222-->src\main\AndroidManifest.xml:182:13-45
223            android:theme="@style/com_facebook_activity_theme" />
223-->[com.facebook.android:facebook-android-sdk:4.26.0] AndroidManifest.xml:32:13-63
224        <activity
224-->src\main\AndroidManifest.xml:183:9-194:20
225            android:name="com.facebook.CustomTabActivity"
225-->src\main\AndroidManifest.xml:184:13-58
226            android:exported="true" >
226-->src\main\AndroidManifest.xml:185:13-36
227            <intent-filter>
227-->src\main\AndroidManifest.xml:186:13-193:29
228                <action android:name="android.intent.action.VIEW" />
228-->src\main\AndroidManifest.xml:38:17-69
228-->src\main\AndroidManifest.xml:38:25-66
229
230                <category android:name="android.intent.category.DEFAULT" />
230-->src\main\AndroidManifest.xml:40:17-76
230-->src\main\AndroidManifest.xml:40:27-73
231                <category android:name="android.intent.category.BROWSABLE" />
231-->src\main\AndroidManifest.xml:41:17-78
231-->src\main\AndroidManifest.xml:41:27-75
232
233                <data android:scheme="@string/fb_login_protocol_scheme" />
233-->src\main\AndroidManifest.xml:43:17-45:46
233-->src\main\AndroidManifest.xml:45:21-43
234            </intent-filter>
235        </activity>
236        <activity
236-->src\main\AndroidManifest.xml:195:9-198:52
237            android:name="com.careerguide.FacebookSignUp"
237-->src\main\AndroidManifest.xml:196:13-43
238            android:configChanges="orientation"
238-->src\main\AndroidManifest.xml:197:13-48
239            android:screenOrientation="portrait" />
239-->src\main\AndroidManifest.xml:198:13-49
240        <activity
240-->src\main\AndroidManifest.xml:199:9-202:52
241            android:name="com.careerguide.AssessmentActivity"
241-->src\main\AndroidManifest.xml:200:13-47
242            android:configChanges="orientation"
242-->src\main\AndroidManifest.xml:201:13-48
243            android:screenOrientation="portrait" />
243-->src\main\AndroidManifest.xml:202:13-49
244        <activity
244-->src\main\AndroidManifest.xml:203:9-206:52
245            android:name="com.careerguide.QuestionActivity"
245-->src\main\AndroidManifest.xml:204:13-45
246            android:configChanges="orientation"
246-->src\main\AndroidManifest.xml:205:13-48
247            android:screenOrientation="portrait" />
247-->src\main\AndroidManifest.xml:206:13-49
248        <activity
248-->src\main\AndroidManifest.xml:207:9-210:52
249            android:name="com.careerguide.PassageActivity"
249-->src\main\AndroidManifest.xml:208:13-44
250            android:configChanges="orientation"
250-->src\main\AndroidManifest.xml:209:13-48
251            android:screenOrientation="portrait" />
251-->src\main\AndroidManifest.xml:210:13-49
252        <activity
252-->src\main\AndroidManifest.xml:211:9-214:52
253            android:name="com.careerguide.MainActivity_live_counsellor"
253-->src\main\AndroidManifest.xml:212:13-57
254            android:configChanges="orientation"
254-->src\main\AndroidManifest.xml:213:13-48
255            android:screenOrientation="portrait" />
255-->src\main\AndroidManifest.xml:214:13-49
256        <activity
256-->src\main\AndroidManifest.xml:215:9-222:20
257            android:name="com.careerguide.HomeActivity"
257-->src\main\AndroidManifest.xml:216:13-41
258            android:configChanges="orientation"
258-->src\main\AndroidManifest.xml:217:13-48
259            android:screenOrientation="portrait"
259-->src\main\AndroidManifest.xml:218:13-49
260            android:theme="@style/AppTheme.NoActionBar" >
260-->src\main\AndroidManifest.xml:219:13-56
261        </activity>
262        <activity
262-->src\main\AndroidManifest.xml:223:9-226:52
263            android:name="com.careerguide.PsychometricTestsActivity"
263-->src\main\AndroidManifest.xml:224:13-54
264            android:configChanges="orientation"
264-->src\main\AndroidManifest.xml:225:13-48
265            android:screenOrientation="portrait" />
265-->src\main\AndroidManifest.xml:226:13-49
266        <activity
266-->src\main\AndroidManifest.xml:227:9-231:72
267            android:name="com.careerguide.PauseActivity"
267-->src\main\AndroidManifest.xml:228:13-42
268            android:configChanges="orientation"
268-->src\main\AndroidManifest.xml:229:13-48
269            android:screenOrientation="portrait"
269-->src\main\AndroidManifest.xml:230:13-49
270            android:theme="@style/Theme.AppCompat.Light.NoActionBar" />
270-->src\main\AndroidManifest.xml:231:13-69
271        <activity
271-->src\main\AndroidManifest.xml:232:9-235:52
272            android:name="com.careerguide.WebViewActivity"
272-->src\main\AndroidManifest.xml:233:13-44
273            android:configChanges="orientation"
273-->src\main\AndroidManifest.xml:234:13-48
274            android:screenOrientation="portrait" />
274-->src\main\AndroidManifest.xml:235:13-49
275        <activity
275-->src\main\AndroidManifest.xml:236:9-241:58
276            android:name="com.careerguide.ProfileDetailActivity"
276-->src\main\AndroidManifest.xml:237:13-50
277            android:configChanges="orientation"
277-->src\main\AndroidManifest.xml:238:13-48
278            android:label="Profile Details"
278-->src\main\AndroidManifest.xml:239:13-44
279            android:screenOrientation="portrait"
279-->src\main\AndroidManifest.xml:240:13-49
280            android:theme="@style/AppTheme.NoActionBar" />
280-->src\main\AndroidManifest.xml:241:13-56
281        <activity android:name="com.theartofdev.edmodo.cropper.CropImageActivity" />
281-->src\main\AndroidManifest.xml:242:9-85
281-->src\main\AndroidManifest.xml:242:19-82
282        <activity
282-->src\main\AndroidManifest.xml:243:9-247:52
283            android:name="com.careerguide.SettingActivity"
283-->src\main\AndroidManifest.xml:244:13-44
284            android:configChanges="orientation"
284-->src\main\AndroidManifest.xml:245:13-48
285            android:label="Settings"
285-->src\main\AndroidManifest.xml:246:13-37
286            android:screenOrientation="portrait" />
286-->src\main\AndroidManifest.xml:247:13-49
287        <activity
287-->src\main\AndroidManifest.xml:248:9-252:59
288            android:name="com.careerguide.PaymentGateway"
288-->src\main\AndroidManifest.xml:249:13-43
289            android:configChanges="orientation"
289-->src\main\AndroidManifest.xml:250:13-48